# JRE version: 7.0_05-b05
# Java VM: Java HotSpot(TM) 64-Bit Server VM (23.1-b03 mixed mode bsd-amd64 compressed oops)
Heap
 def new generation   total 119296K, used 51905K [0x00000003fae00000, 0x0000000402f70000, 0x0000000550350000)
  eden space 106048K,  48% used [0x00000003fae00000, 0x00000003fe0b0738, 0x0000000401590000)
  from space 13248K,   0% used [0x0000000402280000, 0x0000000402280000, 0x0000000402f70000)
  to   space 13248K,   0% used [0x0000000401590000, 0x0000000401590000, 0x0000000402280000)
 tenured generation   total 264920K, used 110220K [0x0000000550350000, 0x0000000560606000, 0x00000007fae00000)
   the space 264920K,  41% used [0x0000000550350000, 0x0000000556ef3078, 0x0000000556ef3200, 0x0000000560606000)
 compacting perm gen  total 23872K, used 23846K [0x00000007fae00000, 0x00000007fc550000, 0x0000000800000000)
   the space 23872K,  99% used [0x00000007fae00000, 0x00000007fc549b98, 0x00000007fc549c00, 0x00000007fc550000)
GC Heap History (10 events):
Event: 44012.135 GC heap before
{Heap before GC invocations=16542 (full 1486):
 def new generation   total 119296K, used 103640K [0x00000003fae00000, 0x0000000402f70000, 0x0000000550350000)
  eden space 106048K,  97% used [0x00000003fae00000, 0x0000000401332798, 0x0000000401590000)
  from space 13248K,   0% used [0x0000000401590000, 0x0000000401593970, 0x0000000402280000)
  to   space 13248K,   0% used [0x0000000402280000, 0x0000000402280000, 0x0000000402f70000)
 tenured generation   total 264920K, used 212578K [0x0000000550350000, 0x0000000560606000, 0x00000007fae00000)
   the space 264920K,  80% used [0x0000000550350000, 0x000000055d2e8820, 0x000000055d2e8a00, 0x0000000560606000)
 compacting perm gen  total 23872K, used 23846K [0x00000007fae00000, 0x00000007fc550000, 0x0000000800000000)
   the space 23872K,  99% used [0x00000007fae00000, 0x00000007fc549b98, 0x00000007fc549c00, 0x00000007fc550000)
No shared spaces configured.
Event: 44012.210 GC heap after
Heap after GC invocations=16543 (full 1487):
 def new generation   total 119296K, used 0K [0x00000003fae00000, 0x0000000402f70000, 0x0000000550350000)
  eden space 106048K,   0% used [0x00000003fae00000, 0x00000003fae00000, 0x0000000401590000)
  from space 13248K,   0% used [0x0000000402280000, 0x0000000402280000, 0x0000000402f70000)
  to   space 13248K,   0% used [0x0000000401590000, 0x0000000401590000, 0x0000000402280000)
 tenured generation   total 264920K, used 93138K [0x0000000550350000, 0x0000000560606000, 0x00000007fae00000)
   the space 264920K,  35% used [0x0000000550350000, 0x0000000555e44890, 0x0000000555e44a00, 0x0000000560606000)
 compacting perm gen  total 23872K, used 23846K [0x00000007fae00000, 0x00000007fc550000, 0x0000000800000000)
   the space 23872K,  99% used [0x00000007fae00000, 0x00000007fc549b98, 0x00000007fc549c00, 0x00000007fc550000)
No shared spaces configured.
}
Event: 44015.125 GC heap before
{Heap before GC invocations=16543 (full 1487):
 def new generation   total 119296K, used 103220K [0x00000003fae00000, 0x0000000402f70000, 0x0000000550350000)
  eden space 106048K,  97% used [0x00000003fae00000, 0x00000004012cd258, 0x0000000401590000)
  from space 13248K,   0% used [0x0000000402280000, 0x0000000402280000, 0x0000000402f70000)
  to   space 13248K,   0% used [0x0000000401590000, 0x0000000401590000, 0x0000000402280000)
 tenured generation   total 264920K, used 93138K [0x0000000550350000, 0x0000000560606000, 0x00000007fae00000)
   the space 264920K,  35% used [0x0000000550350000, 0x0000000555e44890, 0x0000000555e44a00, 0x0000000560606000)
 compacting perm gen  total 23872K, used 23846K [0x00000007fae00000, 0x00000007fc550000, 0x0000000800000000)
   the space 23872K,  99% used [0x00000007fae00000, 0x00000007fc549b98, 0x00000007fc549c00, 0x00000007fc550000)
No shared spaces configured.
Event: 44015.135 GC heap after
Heap after GC invocations=16544 (full 1487):
 def new generation   total 119296K, used 0K [0x00000003fae00000, 0x0000000402f70000, 0x0000000550350000)
  eden space 106048K,   0% used [0x00000003fae00000, 0x00000003fae00000, 0x0000000401590000)
  from space 13248K,   0% used [0x0000000401590000, 0x0000000401590300, 0x0000000402280000)
  to   space 13248K,   0% used [0x0000000402280000, 0x0000000402280000, 0x0000000402f70000)
 tenured generation   total 264920K, used 144338K [0x0000000550350000, 0x0000000560606000, 0x00000007fae00000)
   the space 264920K,  54% used [0x0000000550350000, 0x00000005590448b8, 0x0000000559044a00, 0x0000000560606000)
 compacting perm gen  total 23872K, used 23846K [0x00000007fae00000, 0x00000007fc550000, 0x0000000800000000)
   the space 23872K,  99% used [0x00000007fae00000, 0x00000007fc549b98, 0x00000007fc549c00, 0x00000007fc550000)
No shared spaces configured.
}
Event: 44016.719 GC heap before
{Heap before GC invocations=16544 (full 1487):
 def new generation   total 119296K, used 102850K [0x00000003fae00000, 0x0000000402f70000, 0x0000000550350000)
  eden space 106048K,  96% used [0x00000003fae00000, 0x00000004012708b8, 0x0000000401590000)
  from space 13248K,   0% used [0x0000000401590000, 0x0000000401590300, 0x0000000402280000)
  to   space 13248K,   0% used [0x0000000402280000, 0x0000000402280000, 0x0000000402f70000)
 tenured generation   total 264920K, used 144338K [0x0000000550350000, 0x0000000560606000, 0x00000007fae00000)
   the space 264920K,  54% used [0x0000000550350000, 0x00000005590448b8, 0x0000000559044a00, 0x0000000560606000)
 compacting perm gen  total 23872K, used 23846K [0x00000007fae00000, 0x00000007fc550000, 0x0000000800000000)
   the space 23872K,  99% used [0x00000007fae00000, 0x00000007fc549b98, 0x00000007fc549c00, 0x00000007fc550000)
No shared spaces configured.
Event: 44016.729 GC heap after
Heap after GC invocations=16545 (full 1487):
 def new generation   total 119296K, used 0K [0x00000003fae00000, 0x0000000402f70000, 0x0000000550350000)
  eden space 106048K,   0% used [0x00000003fae00000, 0x00000003fae00000, 0x0000000401590000)
  from space 13248K,   0% used [0x0000000402280000, 0x0000000402280298, 0x0000000402f70000)
  to   space 13248K,   0% used [0x0000000401590000, 0x0000000401590000, 0x0000000402280000)
 tenured generation   total 264920K, used 195538K [0x0000000550350000, 0x0000000560606000, 0x00000007fae00000)
   the space 264920K,  73% used [0x0000000550350000, 0x000000055c2448e0, 0x000000055c244a00, 0x0000000560606000)
 compacting perm gen  total 23872K, used 23846K [0x00000007fae00000, 0x00000007fc550000, 0x0000000800000000)
   the space 23872K,  99% used [0x00000007fae00000, 0x00000007fc549b98, 0x00000007fc549c00, 0x00000007fc550000)
No shared spaces configured.
}
Event: 44021.104 GC heap before
{Heap before GC invocations=16545 (full 1487):
 def new generation   total 119296K, used 103851K [0x00000003fae00000, 0x0000000402f70000, 0x0000000550350000)
  eden space 106048K,  97% used [0x00000003fae00000, 0x000000040136ac00, 0x0000000401590000)
  from space 13248K,   0% used [0x0000000402280000, 0x0000000402280298, 0x0000000402f70000)
  to   space 13248K,   0% used [0x0000000401590000, 0x0000000401590000, 0x0000000402280000)
 tenured generation   total 264920K, used 195538K [0x0000000550350000, 0x0000000560606000, 0x00000007fae00000)
   the space 264920K,  73% used [0x0000000550350000, 0x000000055c2448e0, 0x000000055c244a00, 0x0000000560606000)
 compacting perm gen  total 23872K, used 23846K [0x00000007fae00000, 0x00000007fc550000, 0x0000000800000000)
   the space 23872K,  99% used [0x00000007fae00000, 0x00000007fc549b98, 0x00000007fc549c00, 0x00000007fc550000)
No shared spaces configured.
Event: 44021.117 GC heap after
Heap after GC invocations=16546 (full 1487):
 def new generation   total 119296K, used 17K [0x00000003fae00000, 0x0000000402f70000, 0x0000000550350000)
  eden space 106048K,   0% used [0x00000003fae00000, 0x00000003fae00000, 0x0000000401590000)
  from space 13248K,   0% used [0x0000000401590000, 0x0000000401594548, 0x0000000402280000)
  to   space 13248K,   0% used [0x0000000402280000, 0x0000000402280000, 0x0000000402f70000)
 tenured generation   total 264920K, used 263804K [0x0000000550350000, 0x0000000560606000, 0x00000007fae00000)
   the space 264920K,  99% used [0x0000000550350000, 0x00000005604ef3b0, 0x00000005604ef400, 0x0000000560606000)
 compacting perm gen  total 23872K, used 23846K [0x00000007fae00000, 0x00000007fc550000, 0x0000000800000000)
   the space 23872K,  99% used [0x00000007fae00000, 0x00000007fc549b98, 0x00000007fc549c00, 0x00000007fc550000)
No shared spaces configured.
}
Event: 44023.073 GC heap before
{Heap before GC invocations=16546 (full 1487):
 def new generation   total 119296K, used 102970K [0x00000003fae00000, 0x0000000402f70000, 0x0000000550350000)
  eden space 106048K,  97% used [0x00000003fae00000, 0x000000040128a2d0, 0x0000000401590000)
  from space 13248K,   0% used [0x0000000401590000, 0x0000000401594548, 0x0000000402280000)
  to   space 13248K,   0% used [0x0000000402280000, 0x0000000402280000, 0x0000000402f70000)
 tenured generation   total 264920K, used 263804K [0x0000000550350000, 0x0000000560606000, 0x00000007fae00000)
   the space 264920K,  99% used [0x0000000550350000, 0x00000005604ef3b0, 0x00000005604ef400, 0x0000000560606000)
 compacting perm gen  total 23872K, used 23846K [0x00000007fae00000, 0x00000007fc550000, 0x0000000800000000)
   the space 23872K,  99% used [0x00000007fae00000, 0x00000007fc549b98, 0x00000007fc549c00, 0x00000007fc550000)
No shared spaces configured.
Event: 44023.159 GC heap after
Heap after GC invocations=16547 (full 1488):
 def new generation   total 119296K, used 0K [0x00000003fae00000, 0x0000000402f70000, 0x0000000550350000)
  eden space 106048K,   0% used [0x00000003fae00000, 0x00000003fae00000, 0x0000000401590000)
  from space 13248K,   0% used [0x0000000402280000, 0x0000000402280000, 0x0000000402f70000)
  to   space 13248K,   0% used [0x0000000401590000, 0x0000000401590000, 0x0000000402280000)
 tenured generation   total 264920K, used 110220K [0x0000000550350000, 0x0000000560606000, 0x00000007fae00000)
   the space 264920K,  41% used [0x0000000550350000, 0x0000000556ef3078, 0x0000000556ef3200, 0x0000000560606000)
 compacting perm gen  total 23872K, used 23846K [0x00000007fae00000, 0x00000007fc550000, 0x0000000800000000)
   the space 23872K,  99% used [0x00000007fae00000, 0x00000007fc549b98, 0x00000007fc549c00, 0x00000007fc550000)
No shared spaces configured.
}

